2025-09-19 10:31:33 RUN [ FETCH MARKET BASIC ] @20250918
2025-09-19 10:32:12 RUN [ FETCH MARKET BASIC ] @20250918
2025-09-19 10:49:31 RUN [ FETCH MARKET BASIC ] @20250918
2025-09-19 10:49:35 END [ FETCH MARKET BASIC ] 3.54s
2025-09-19 10:49:58 RUN [ FETCH CORPORATIONS LIST ] @20250918
2025-09-19 10:50:01 END [ FETCH CORPORATIONS LIST ] 2.87s
2025-09-19 10:50:25 RUN [ FETCH SECTORS LIST ] @20250918
2025-09-19 10:50:34 RUN [ FETCH SECTORS LIST ] @20250918
2025-09-19 10:50:35 - SUCCEED IN FETCHING (01/26): WI100 에너지
2025-09-19 10:50:37 - SUCCEED IN FETCHING (02/26): WI110 화학
2025-09-19 10:50:39 - SUCCEED IN FETCHING (03/26): WI200 비철금속
2025-09-19 10:50:40 - SUCCEED IN FETCHING (04/26): WI210 철강
2025-09-19 10:50:42 - SUCCEED IN FETCHING (05/26): WI220 건설
2025-09-19 10:50:43 - SUCCEED IN FETCHING (06/26): WI230 기계
2025-09-19 10:50:45 - SUCCEED IN FETCHING (07/26): WI240 조선
2025-09-19 10:50:46 - SUCCEED IN FETCHING (08/26): WI250 상사,자본재
2025-09-19 10:50:48 - SUCCEED IN FETCHING (09/26): WI260 운송
2025-09-19 10:50:49 - SUCCEED IN FETCHING (10/26): WI300 자동차
2025-09-19 10:50:51 - SUCCEED IN FETCHING (11/26): WI310 화장품,의류
2025-09-19 10:50:52 - SUCCEED IN FETCHING (12/26): WI320 호텔,레저
2025-09-19 10:50:54 - SUCCEED IN FETCHING (13/26): WI330 미디어,교육
2025-09-19 10:50:56 - SUCCEED IN FETCHING (14/26): WI340 소매(유통)
2025-09-19 10:50:58 - SUCCEED IN FETCHING (15/26): WI400 필수소비재
2025-09-19 10:51:00 - SUCCEED IN FETCHING (16/26): WI410 건강관리
2025-09-19 10:51:01 - SUCCEED IN FETCHING (17/26): WI500 은행
2025-09-19 10:51:03 - SUCCEED IN FETCHING (18/26): WI510 증권
2025-09-19 10:51:04 - SUCCEED IN FETCHING (19/26): WI520 보험
2025-09-19 10:51:06 - SUCCEED IN FETCHING (20/26): WI600 소프트웨어
2025-09-19 10:51:08 - SUCCEED IN FETCHING (21/26): WI610 IT하드웨어
2025-09-19 10:51:10 - SUCCEED IN FETCHING (22/26): WI620 반도체
2025-09-19 10:51:11 - SUCCEED IN FETCHING (23/26): WI630 IT가전
2025-09-19 10:51:13 - SUCCEED IN FETCHING (24/26): WI640 디스플레이
2025-09-19 10:51:14 - SUCCEED IN FETCHING (25/26): WI700 통신서비스
2025-09-19 10:51:15 - SUCCEED IN FETCHING (26/26): WI800 유틸리티
2025-09-19 10:51:15 END [ FETCH SECTORS LIST ] 40.99s
